<?xml version="1.0" encoding="UTF-8"?>
<!-- Generated by org.testng.reporters.JUnitReportReporter -->
<testsuite hostname="теош" failures="0" tests="1" name="Selleniun_start_projects.Selleniun_start_projects.AppTest" time="10.822" errors="0" timestamp="3 Mar 2024 12:05:21 GMT">
  <testcase classname="Selleniun_start_projects.Selleniun_start_projects.AppTest" name="Tests1" time="10.822"/>
</testsuite> <!-- Selleniun_start_projects.Selleniun_start_projects.AppTest -->
